-------------------------------------------------------------------------------
Test set: ConcertControllerTest
-------------------------------------------------------------------------------
Tests run: 1, Failures: 0, Errors: 1, Skipped: 0, Time elapsed: 0.563 s <<< FAILURE! - in ConcertControllerTest
initializationError(ConcertControllerTest)  Time elapsed: 0.016 s  <<< ERROR!
java.lang.IllegalStateException: Unable to find a @SpringBootConfiguration, you need to use @ContextConfiguration or @SpringBootTest(classes=...) with your test

